2026.04.27 05:48:44 INFO  Started: Metals version 1.6.7 in folders 'D:\FORO-HERRAMIENTAS DESARROLLO\PROYECTO-FINAL-Herramientas-de-Desarrollo' for client Visual Studio Code 1.117.0.[0m
2026.04.27 05:48:44 INFO  Memory monitor started[0m
2026.04.27 05:48:45 WARN  Using H2 2.4.240 which is newer than the version Flyway has been verified with. The latest verified version of H2 is 2.3.232.[0m
2026.04.27 05:48:45 INFO  no build target found for D:\FORO-HERRAMIENTAS DESARROLLO\PROYECTO-FINAL-Herramientas-de-Desarrollo\app\src\test\java\com\foro\app\AppApplicationTests.java. Using fallback presentation compiler.[0m
2026.04.27 05:48:46 INFO  no build target found for D:\FORO-HERRAMIENTAS DESARROLLO\PROYECTO-FINAL-Herramientas-de-Desarrollo\app\src\test\java\com\foro\app\AppApplicationTests.java. Using fallback presentation compiler.[0m
2026.04.27 05:48:47 INFO  no build target found for D:\FORO-HERRAMIENTAS DESARROLLO\PROYECTO-FINAL-Herramientas-de-Desarrollo\app\src\test\java\com\foro\app\AppApplicationTests.java. Using fallback presentation compiler.[0m
2026.04.27 05:49:33 INFO  no build target found for D:\FORO-HERRAMIENTAS DESARROLLO\PROYECTO-FINAL-Herramientas-de-Desarrollo\app\src\test\java\com\foro\app\AppApplicationTests.java. Using fallback presentation compiler.[0m
2026.04.27 05:49:33 INFO  no build target found for D:\FORO-HERRAMIENTAS DESARROLLO\PROYECTO-FINAL-Herramientas-de-Desarrollo\app\src\test\java\com\foro\app\AppApplicationTests.java. Using fallback presentation compiler.[0m
abr. 27, 2026 5:49:33 A. M. org.eclipse.lsp4j.jsonrpc.RemoteEndpoint handleCancellation
WARNING: Unmatched cancel notification for request id 8
2026.04.27 05:49:33 INFO  no build target found for D:\FORO-HERRAMIENTAS DESARROLLO\PROYECTO-FINAL-Herramientas-de-Desarrollo\app\src\test\java\com\foro\app\AppApplicationTests.java. Using fallback presentation compiler.[0m
abr. 27, 2026 5:49:33 A. M. org.eclipse.lsp4j.jsonrpc.RemoteEndpoint handleCancellation
WARNING: Unmatched cancel notification for request id 12
2026.04.27 05:49:33 INFO  no build target found for D:\FORO-HERRAMIENTAS DESARROLLO\PROYECTO-FINAL-Herramientas-de-Desarrollo\app\src\test\java\com\foro\app\AppApplicationTests.java. Using fallback presentation compiler.[0m
2026.04.27 05:49:33 INFO  no build target found for D:\FORO-HERRAMIENTAS DESARROLLO\PROYECTO-FINAL-Herramientas-de-Desarrollo\app\src\test\java\com\foro\app\AppApplicationTests.java. Using fallback presentation compiler.[0m
2026.04.27 05:49:38 INFO  no build target found for D:\FORO-HERRAMIENTAS DESARROLLO\PROYECTO-FINAL-Herramientas-de-Desarrollo\app\src\test\java\com\foro\app\AppApplicationTests.java. Using fallback presentation compiler.[0m
2026.04.27 05:49:38 INFO  no build target found for D:\FORO-HERRAMIENTAS DESARROLLO\PROYECTO-FINAL-Herramientas-de-Desarrollo\app\src\test\java\com\foro\app\AppApplicationTests.java. Using fallback presentation compiler.[0m
2026.04.27 05:49:38 INFO  no build target found for D:\FORO-HERRAMIENTAS DESARROLLO\PROYECTO-FINAL-Herramientas-de-Desarrollo\app\src\test\java\com\foro\app\AppApplicationTests.java. Using fallback presentation compiler.[0m
2026.04.27 05:49:38 INFO  no build target found for D:\FORO-HERRAMIENTAS DESARROLLO\PROYECTO-FINAL-Herramientas-de-Desarrollo\app\src\test\java\com\foro\app\AppApplicationTests.java. Using fallback presentation compiler.[0m
2026.04.27 05:49:40 INFO  no build target found for D:\FORO-HERRAMIENTAS DESARROLLO\PROYECTO-FINAL-Herramientas-de-Desarrollo\app\src\test\java\com\foro\app\AppApplicationTests.java. Using fallback presentation compiler.[0m
2026.04.27 05:49:40 INFO  no build target found for D:\FORO-HERRAMIENTAS DESARROLLO\PROYECTO-FINAL-Herramientas-de-Desarrollo\app\src\test\java\com\foro\app\AppApplicationTests.java. Using fallback presentation compiler.[0m
2026.04.27 05:49:40 INFO  no build target found for D:\FORO-HERRAMIENTAS DESARROLLO\PROYECTO-FINAL-Herramientas-de-Desarrollo\app\src\test\java\com\foro\app\AppApplicationTests.java. Using fallback presentation compiler.[0m
2026.04.27 05:49:40 INFO  no build target found for D:\FORO-HERRAMIENTAS DESARROLLO\PROYECTO-FINAL-Herramientas-de-Desarrollo\app\src\test\java\com\foro\app\AppApplicationTests.java. Using fallback presentation compiler.[0m
2026.04.27 05:49:42 INFO  no build target found for D:\FORO-HERRAMIENTAS DESARROLLO\PROYECTO-FINAL-Herramientas-de-Desarrollo\app\src\test\java\com\foro\app\AppApplicationTests.java. Using fallback presentation compiler.[0m
2026.04.27 05:49:43 INFO  no build target found for D:\FORO-HERRAMIENTAS DESARROLLO\PROYECTO-FINAL-Herramientas-de-Desarrollo\app\src\test\java\com\foro\app\AppApplicationTests.java. Using fallback presentation compiler.[0m
2026.04.27 05:49:50 INFO  no build target found for D:\FORO-HERRAMIENTAS DESARROLLO\PROYECTO-FINAL-Herramientas-de-Desarrollo\app\src\main\java\com\foro\app\AppApplication.java. Using fallback presentation compiler.[0m
2026.04.27 05:49:50 INFO  no build target found for D:\FORO-HERRAMIENTAS DESARROLLO\PROYECTO-FINAL-Herramientas-de-Desarrollo\app\src\main\java\com\foro\app\AppApplication.java. Using fallback presentation compiler.[0m
2026.04.27 05:49:50 INFO  no build target found for D:\FORO-HERRAMIENTAS DESARROLLO\PROYECTO-FINAL-Herramientas-de-Desarrollo\app\src\main\java\com\foro\app\AppApplication.java. Using fallback presentation compiler.[0m
2026.04.27 05:49:50 INFO  no build target found for D:\FORO-HERRAMIENTAS DESARROLLO\PROYECTO-FINAL-Herramientas-de-Desarrollo\app\src\main\java\com\foro\app\AppApplication.java. Using fallback presentation compiler.[0m
2026.04.27 05:49:55 INFO  no build target found for D:\FORO-HERRAMIENTAS DESARROLLO\PROYECTO-FINAL-Herramientas-de-Desarrollo\app\src\main\java\com\foro\app\AppApplication.java. Using fallback presentation compiler.[0m
2026.04.27 05:49:55 INFO  no build target found for D:\FORO-HERRAMIENTAS DESARROLLO\PROYECTO-FINAL-Herramientas-de-Desarrollo\app\src\main\java\com\foro\app\AppApplication.java. Using fallback presentation compiler.[0m
2026.04.27 05:49:56 INFO  no build target found for D:\FORO-HERRAMIENTAS DESARROLLO\PROYECTO-FINAL-Herramientas-de-Desarrollo\app\src\main\java\com\foro\app\AppApplication.java. Using fallback presentation compiler.[0m
2026.04.27 05:49:56 INFO  no build target found for D:\FORO-HERRAMIENTAS DESARROLLO\PROYECTO-FINAL-Herramientas-de-Desarrollo\app\src\main\java\com\foro\app\controller\HomeController.java. Using fallback presentation compiler.[0m
2026.04.27 05:49:56 INFO  no build target found for D:\FORO-HERRAMIENTAS DESARROLLO\PROYECTO-FINAL-Herramientas-de-Desarrollo\app\src\main\java\com\foro\app\controller\HomeController.java. Using fallback presentation compiler.[0m
2026.04.27 05:49:56 INFO  no build target found for D:\FORO-HERRAMIENTAS DESARROLLO\PROYECTO-FINAL-Herramientas-de-Desarrollo\app\src\main\java\com\foro\app\controller\HomeController.java. Using fallback presentation compiler.[0m
2026.04.27 05:49:56 INFO  no build target found for D:\FORO-HERRAMIENTAS DESARROLLO\PROYECTO-FINAL-Herramientas-de-Desarrollo\app\src\main\java\com\foro\app\controller\HomeController.java. Using fallback presentation compiler.[0m
2026.04.27 05:50:02 INFO  no build target found for D:\FORO-HERRAMIENTAS DESARROLLO\PROYECTO-FINAL-Herramientas-de-Desarrollo\app\src\main\java\com\foro\app\controller\HomeController.java. Using fallback presentation compiler.[0m
2026.04.27 05:50:02 INFO  no build target found for D:\FORO-HERRAMIENTAS DESARROLLO\PROYECTO-FINAL-Herramientas-de-Desarrollo\app\src\main\java\com\foro\app\controller\HomeController.java. Using fallback presentation compiler.[0m
2026.04.27 05:50:03 INFO  no build target found for D:\FORO-HERRAMIENTAS DESARROLLO\PROYECTO-FINAL-Herramientas-de-Desarrollo\app\src\main\java\com\foro\app\controller\HomeController.java. Using fallback presentation compiler.[0m
2026.04.27 05:50:03 INFO  no build target found for D:\FORO-HERRAMIENTAS DESARROLLO\PROYECTO-FINAL-Herramientas-de-Desarrollo\app\src\main\java\com\foro\app\controller\HomeController.java. Using fallback presentation compiler.[0m
2026.04.27 05:50:03 INFO  no build target found for D:\FORO-HERRAMIENTAS DESARROLLO\PROYECTO-FINAL-Herramientas-de-Desarrollo\app\src\main\java\com\foro\app\controller\HomeController.java. Using fallback presentation compiler.[0m
2026.04.27 05:50:03 INFO  no build target found for D:\FORO-HERRAMIENTAS DESARROLLO\PROYECTO-FINAL-Herramientas-de-Desarrollo\app\src\main\java\com\foro\app\controller\HomeController.java. Using fallback presentation compiler.[0m
2026.04.27 05:50:06 INFO  no build target found for D:\FORO-HERRAMIENTAS DESARROLLO\PROYECTO-FINAL-Herramientas-de-Desarrollo\app\src\test\java\com\foro\app\AppApplicationTests.java. Using fallback presentation compiler.[0m
2026.04.27 05:50:06 WARN  no build target for: D:\FORO-HERRAMIENTAS DESARROLLO\PROYECTO-FINAL-Herramientas-de-Desarrollo\app\src\test\java\com\foro\app\AppApplicationTests.java[0m
2026.04.27 05:50:06 INFO  no build target found for D:\FORO-HERRAMIENTAS DESARROLLO\PROYECTO-FINAL-Herramientas-de-Desarrollo\app\src\test\java\com\foro\app\AppApplicationTests.java. Using fallback presentation compiler.[0m
2026.04.27 05:50:06 INFO  no build target found for D:\FORO-HERRAMIENTAS DESARROLLO\PROYECTO-FINAL-Herramientas-de-Desarrollo\app\src\test\java\com\foro\app\AppApplicationTests.java. Using fallback presentation compiler.[0m
2026.04.27 05:50:06 INFO  no build target found for D:\FORO-HERRAMIENTAS DESARROLLO\PROYECTO-FINAL-Herramientas-de-Desarrollo\app\src\test\java\com\foro\app\AppApplicationTests.java. Using fallback presentation compiler.[0m
2026.04.27 05:50:06 INFO  no build target found for D:\FORO-HERRAMIENTAS DESARROLLO\PROYECTO-FINAL-Herramientas-de-Desarrollo\app\src\test\java\com\foro\app\AppApplicationTests.java. Using fallback presentation compiler.[0m
2026.04.27 05:50:18 INFO  no build target found for D:\FORO-HERRAMIENTAS DESARROLLO\PROYECTO-FINAL-Herramientas-de-Desarrollo\app\src\test\java\com\foro\app\AppApplicationTests.java. Using fallback presentation compiler.[0m
2026.04.27 05:50:18 WARN  no build target for: D:\FORO-HERRAMIENTAS DESARROLLO\PROYECTO-FINAL-Herramientas-de-Desarrollo\app\src\test\java\com\foro\app\AppApplicationTests.java[0m
2026.04.27 05:50:18 INFO  no build target found for D:\FORO-HERRAMIENTAS DESARROLLO\PROYECTO-FINAL-Herramientas-de-Desarrollo\app\src\test\java\com\foro\app\AppApplicationTests.java. Using fallback presentation compiler.[0m
2026.04.27 05:50:18 INFO  no build target found for D:\FORO-HERRAMIENTAS DESARROLLO\PROYECTO-FINAL-Herramientas-de-Desarrollo\app\src\test\java\com\foro\app\AppApplicationTests.java. Using fallback presentation compiler.[0m
2026.04.27 05:50:18 INFO  no build target found for D:\FORO-HERRAMIENTAS DESARROLLO\PROYECTO-FINAL-Herramientas-de-Desarrollo\app\src\test\java\com\foro\app\AppApplicationTests.java. Using fallback presentation compiler.[0m
2026.04.27 05:50:18 INFO  no build target found for D:\FORO-HERRAMIENTAS DESARROLLO\PROYECTO-FINAL-Herramientas-de-Desarrollo\app\src\test\java\com\foro\app\AppApplicationTests.java. Using fallback presentation compiler.[0m
2026.04.27 05:50:19 INFO  no build target found for D:\FORO-HERRAMIENTAS DESARROLLO\PROYECTO-FINAL-Herramientas-de-Desarrollo\app\src\test\java\com\foro\app\AppApplicationTests.java. Using fallback presentation compiler.[0m
2026.04.27 05:50:19 INFO  no build target found for D:\FORO-HERRAMIENTAS DESARROLLO\PROYECTO-FINAL-Herramientas-de-Desarrollo\app\src\test\java\com\foro\app\AppApplicationTests.java. Using fallback presentation compiler.[0m
2026.04.27 05:50:23 WARN  no build target for: D:\FORO-HERRAMIENTAS DESARROLLO\PROYECTO-FINAL-Herramientas-de-Desarrollo\app\src\main\java\com\foro\app\controller\HomeController.java[0m
2026.04.27 05:50:23 WARN  no build target for: D:\FORO-HERRAMIENTAS DESARROLLO\PROYECTO-FINAL-Herramientas-de-Desarrollo\app\src\test\java\com\foro\app\AppApplicationTests.java[0m
2026.04.27 05:50:23 WARN  Running javac-semanticdb failed for file:///D:/FORO-HERRAMIENTAS%20DESARROLLO/PROYECTO-FINAL-Herramientas-de-Desarrollo/app/src/test/java/com/foro/app/AppApplicationTests.java. Output:
[0m
2026.04.27 05:50:24 WARN  Running javac-semanticdb failed for file:///D:/FORO-HERRAMIENTAS%20DESARROLLO/PROYECTO-FINAL-Herramientas-de-Desarrollo/app/src/main/java/com/foro/app/controller/HomeController.java. Output:
[0m
2026.04.27 05:50:24 INFO  no build target found for D:\FORO-HERRAMIENTAS DESARROLLO\PROYECTO-FINAL-Herramientas-de-Desarrollo\app\src\test\java\com\foro\app\AppApplicationTests.java. Using fallback presentation compiler.[0m
2026.04.27 05:50:24 WARN  no build target for: D:\FORO-HERRAMIENTAS DESARROLLO\PROYECTO-FINAL-Herramientas-de-Desarrollo\app\src\test\java\com\foro\app\AppApplicationTests.java[0m
2026.04.27 05:50:24 INFO  no build target found for D:\FORO-HERRAMIENTAS DESARROLLO\PROYECTO-FINAL-Herramientas-de-Desarrollo\app\src\test\java\com\foro\app\AppApplicationTests.java. Using fallback presentation compiler.[0m
2026.04.27 05:50:24 INFO  no build target found for D:\FORO-HERRAMIENTAS DESARROLLO\PROYECTO-FINAL-Herramientas-de-Desarrollo\app\src\test\java\com\foro\app\AppApplicationTests.java. Using fallback presentation compiler.[0m
2026.04.27 05:50:24 INFO  no build target found for D:\FORO-HERRAMIENTAS DESARROLLO\PROYECTO-FINAL-Herramientas-de-Desarrollo\app\src\test\java\com\foro\app\AppApplicationTests.java. Using fallback presentation compiler.[0m
2026.04.27 05:50:24 INFO  no build target found for D:\FORO-HERRAMIENTAS DESARROLLO\PROYECTO-FINAL-Herramientas-de-Desarrollo\app\src\test\java\com\foro\app\AppApplicationTests.java. Using fallback presentation compiler.[0m
2026.04.27 05:50:27 INFO  no build target found for D:\FORO-HERRAMIENTAS DESARROLLO\PROYECTO-FINAL-Herramientas-de-Desarrollo\app\src\test\java\com\foro\app\AppApplicationTests.java. Using fallback presentation compiler.[0m
2026.04.27 05:50:29 INFO  no build target found for D:\FORO-HERRAMIENTAS DESARROLLO\PROYECTO-FINAL-Herramientas-de-Desarrollo\app\src\test\java\com\foro\app\AppApplicationTests.java. Using fallback presentation compiler.[0m
2026.04.27 05:50:29 INFO  no build target found for D:\FORO-HERRAMIENTAS DESARROLLO\PROYECTO-FINAL-Herramientas-de-Desarrollo\app\src\test\java\com\foro\app\AppApplicationTests.java. Using fallback presentation compiler.[0m
2026.04.27 05:50:55 INFO  no build target found for D:\FORO-HERRAMIENTAS DESARROLLO\PROYECTO-FINAL-Herramientas-de-Desarrollo\app\src\test\java\com\foro\app\AppApplicationTests.java. Using fallback presentation compiler.[0m
2026.04.27 05:50:58 INFO  no build target found for D:\FORO-HERRAMIENTAS DESARROLLO\PROYECTO-FINAL-Herramientas-de-Desarrollo\app\src\main\java\com\foro\app\controller\HomeController.java. Using fallback presentation compiler.[0m
2026.04.27 05:50:58 WARN  no build target for: D:\FORO-HERRAMIENTAS DESARROLLO\PROYECTO-FINAL-Herramientas-de-Desarrollo\app\src\main\java\com\foro\app\controller\HomeController.java[0m
2026.04.27 05:50:58 INFO  no build target found for D:\FORO-HERRAMIENTAS DESARROLLO\PROYECTO-FINAL-Herramientas-de-Desarrollo\app\src\main\java\com\foro\app\controller\HomeController.java. Using fallback presentation compiler.[0m
2026.04.27 05:50:58 INFO  no build target found for D:\FORO-HERRAMIENTAS DESARROLLO\PROYECTO-FINAL-Herramientas-de-Desarrollo\app\src\main\java\com\foro\app\controller\HomeController.java. Using fallback presentation compiler.[0m
2026.04.27 05:50:58 INFO  no build target found for D:\FORO-HERRAMIENTAS DESARROLLO\PROYECTO-FINAL-Herramientas-de-Desarrollo\app\src\main\java\com\foro\app\controller\HomeController.java. Using fallback presentation compiler.[0m
